#
# A fatal error has been detected by the Java Runtime Environment:
#
#  EXCEPTION_ACCESS_VIOLATION (0xc0000005) at pc=0x000000006fe49bda, pid=3360, tid=1860
#
# JRE version: Java(TM) SE Runtime Environment (8.0_45-b14) (build 1.8.0_45-b14)
# Java VM: Java HotSpot(TM) 64-Bit Server VM (25.45-b02 mixed mode windows-amd64 compressed oops)
# Problematic frame:
# C  [glass.dll+0x19bda]
#
# Failed to write core dump. Minidumps are not enabled by default on client versions of Windows
#
# If you would like to submit a bug report, please visit:
#   http://bugreport.java.com/bugreport/crash.jsp
# The crash happened outside the Java Virtual Machine in native code.
# See problematic frame for where to report the bug.
#

---------------  T H R E A D  ---------------

Current thread (0x00000000169e5800):  JavaThread "JavaFX Application Thread" [_thread_in_native, id=1860, stack(0x0000000016e00000,0x0000000016f00000)]

siginfo: ExceptionCode=0xc0000005, reading address 0x0000000000000100

Registers:
RAX=0x0000000000000000, RBX=0x0000000016efd350, RCX=0x0000000000000000, RDX=0x0000000000000000
RSP=0x0000000016efd080, RBP=0x0000000000000401, RSI=0x0000000016a2f410, RDI=0x0000000016efd350
R8 =0x0000000016efcff8, R9 =0x0000000000000401, R10=0x0000000000000000, R11=0x0000000000000202
R12=0x0000000000000000, R13=0x0000000000000000, R14=0x0000000000000000, R15=0x000000006fe310c0
RIP=0x000000006fe49bda, EFLAGS=0x0000000000010202

Top of Stack: (sp=0x0000000016efd080)
0x0000000016efd080:   0000000000000000 0000000016efd001
0x0000000016efd090:   000000000018c05b 000000006fe544e0
0x0000000016efd0a0:   0000000016efd350 000000006fe4b74a
0x0000000016efd0b0:   0000000016efd350 0000000016a2f410
0x0000000016efd0c0:   0000000016efd350 0000000000000000
0x0000000016efd0d0:   0000000000000401 000000006fe3a4ef
0x0000000016efd0e0:   0000000016efd200 00000000169e5801
0x0000000016efd0f0:   0000000016efc05b 0000000016a3a6f0
0x0000000016efd100:   0000000016efd350 000000006fe31128
0x0000000016efd110:   0000000000000401 0000000016a2f410
0x0000000016efd120:   0000000000000000 00000000002802f8
0x0000000016efd130:   0000000016efd350 00007ffabfc7250d
0x0000000016efd140:   0000000000000001 0000000016efd260
0x0000000016efd150:   0000000000000401 00000000002802f8
0x0000000016efd160:   0000000014e98b98 00000000169e5800
0x0000000016efd170:   0000000000000000 0000000000000000 

Instructions: (pc=0x000000006fe49bda)
0x000000006fe49bba:   cc cc cc cc cc cc b0 01 c3 cc cc cc cc cc cc cc
0x000000006fe49bca:   cc cc cc cc cc cc 48 89 5c 24 08 57 48 83 ec 20
0x000000006fe49bda:   48 8b 81 00 01 00 00 48 8b f9 48 85 c0 75 04 48
0x000000006fe49bea:   8b 41 08 48 3b 05 4c fb 01 00 75 31 e8 55 36 00 


Register to memory mapping:

RAX=0x0000000000000000 is an unknown value
RBX=0x0000000016efd350 is pointing into the stack for thread: 0x00000000169e5800
RCX=0x0000000000000000 is an unknown value
RDX=0x0000000000000000 is an unknown value
RSP=0x0000000016efd080 is pointing into the stack for thread: 0x00000000169e5800
RBP=0x0000000000000401 is an unknown value
RSI=0x0000000016a2f410 is an unknown value
RDI=0x0000000016efd350 is pointing into the stack for thread: 0x00000000169e5800
R8 =0x0000000016efcff8 is pointing into the stack for thread: 0x00000000169e5800
R9 =0x0000000000000401 is an unknown value
R10=0x0000000000000000 is an unknown value
R11=0x0000000000000202 is an unknown value
R12=0x0000000000000000 is an unknown value
R13=0x0000000000000000 is an unknown value
R14=0x0000000000000000 is an unknown value
R15=0x000000006fe310c0 is an unknown value


Stack: [0x0000000016e00000,0x0000000016f00000],  sp=0x0000000016efd080,  free space=1012k
Native frames: (J=compiled Java code, j=interpreted, Vv=VM code, C=native code)
C  [glass.dll+0x19bda]
C  [glass.dll+0x1b74a]
C  [glass.dll+0xa4ef]
C  [glass.dll+0x1128]
C  [USER32.dll+0x250d]
C  [USER32.dll+0x25ff8]
C  [USER32.dll+0x5823]
C  [glass.dll+0x9d85]
C  [glass.dll+0x19e1f]
C  0x0000000002543894

Java frames: (J=compiled Java code, j=interpreted, Vv=VM code)
j  com.sun.glass.ui.win.WinWindow._close(J)Z+0
j  com.sun.glass.ui.Window.close()V+63
j  com.sun.glass.ui.win.WinWindow.close()V+8
j  com.sun.glass.ui.Application.terminate()V+75
j  com.sun.javafx.tk.quantum.QuantumToolkit.lambda$exit$402()Ljava/lang/Object;+5
j  com.sun.javafx.tk.quantum.QuantumToolkit$$Lambda$353.get()Ljava/lang/Object;+0
j  com.sun.javafx.tk.quantum.QuantumToolkit.runWithRenderLock(Ljava/util/function/Supplier;)Ljava/lang/Object;+7
j  com.sun.javafx.tk.quantum.QuantumToolkit.exit()V+26
j  com.sun.javafx.application.PlatformImpl.lambda$tkExit$175()V+3
j  com.sun.javafx.application.PlatformImpl$$Lambda$352.run()V+0
j  com.sun.javafx.application.PlatformImpl.lambda$runAndWait$172(Ljava/lang/Runnable;Ljava/util/concurrent/CountDownLatch;)V+1
j  com.sun.javafx.application.PlatformImpl$$Lambda$45.run()V+8
j  com.sun.javafx.application.PlatformImpl.lambda$null$170(Ljava/lang/Runnable;)Ljava/lang/Void;+1
j  com.sun.javafx.application.PlatformImpl$$Lambda$48.run()Ljava/lang/Object;+4
v  ~StubRoutines::call_stub
J 1944  java.security.AccessController.doPrivileged(Ljava/security/PrivilegedAction;Ljava/security/AccessControlContext;)Ljava/lang/Object; (0 bytes) @ 0x0000000002b4ffe6 [0x0000000002b4ff80+0x66]
j  com.sun.javafx.application.PlatformImpl.lambda$runLater$171(Ljava/lang/Runnable;Ljava/security/AccessControlContext;)V+7
j  com.sun.javafx.application.PlatformImpl$$Lambda$47.run()V+8
j  com.sun.glass.ui.InvokeLaterDispatcher$Future.run()V+4
v  ~StubRoutines::call_stub
j  com.sun.glass.ui.win.WinApplication._runLoop(Ljava/lang/Runnable;)V+0
j  com.sun.glass.ui.win.WinApplication.lambda$null$145(Ljava/lang/Runnable;)V+7
j  com.sun.glass.ui.win.WinApplication$$Lambda$36.run()V+8
j  java.lang.Thread.run()V+11
v  ~StubRoutines::call_stub

---------------  P R O C E S S  ---------------

Java Threads: ( => current thread )
  0x0000000018948800 JavaThread "Prism Font Disposer" daemon [_thread_blocked, id=3308, stack(0x000000001b090000,0x000000001b190000)]
  0x0000000016a42800 JavaThread "JavaFX-Launcher" [_thread_blocked, id=3664, stack(0x0000000018f10000,0x0000000019010000)]
  0x0000000016a19000 JavaThread "Thread-3" daemon [_thread_in_native, id=1192, stack(0x0000000018e10000,0x0000000018f10000)]
=>0x00000000169e5800 JavaThread "JavaFX Application Thread" [_thread_in_native, id=1860, stack(0x0000000016e00000,0x0000000016f00000)]
  0x0000000016a37000 JavaThread "Thread-1" daemon [_thread_blocked, id=3532, stack(0x0000000016d00000,0x0000000016e00000)]
  0x00000000169c9800 JavaThread "QuantumRenderer-0" daemon [_thread_blocked, id=852, stack(0x0000000016a50000,0x0000000016b50000)]
  0x000000001537b800 JavaThread "Service Thread" daemon [_thread_blocked, id=2292, stack(0x0000000016450000,0x0000000016550000)]
  0x0000000015310000 JavaThread "C1 CompilerThread1" daemon [_thread_blocked, id=2544, stack(0x0000000016350000,0x0000000016450000)]
  0x0000000015309000 JavaThread "C2 CompilerThread0" daemon [_thread_blocked, id=3380, stack(0x0000000016250000,0x0000000016350000)]
  0x0000000015307800 JavaThread "Attach Listener" daemon [_thread_blocked, id=1352, stack(0x0000000016150000,0x0000000016250000)]
  0x0000000015304000 JavaThread "Signal Dispatcher" daemon [_thread_blocked, id=3640, stack(0x0000000016050000,0x0000000016150000)]
  0x0000000002522000 JavaThread "Finalizer" daemon [_thread_blocked, id=3816, stack(0x0000000015f50000,0x0000000016050000)]
  0x000000000251b000 JavaThread "Reference Handler" daemon [_thread_blocked, id=3020, stack(0x0000000015e50000,0x0000000015f50000)]
  0x0000000002430800 JavaThread "main" [_thread_blocked, id=2912, stack(0x0000000002330000,0x0000000002430000)]

Other Threads:
  0x00000000152d6000 VMThread [stack: 0x0000000015d50000,0x0000000015e50000] [id=3920]
  0x000000001537e800 WatcherThread [stack: 0x0000000016550000,0x0000000016650000] [id=3744]

VM state:not at safepoint (normal execution)

VM Mutex/Monitor currently owned by a thread: None

Heap:
 PSYoungGen      total 24064K, used 10541K [0x00000000e5580000, 0x00000000e8480000, 0x0000000100000000)
  eden space 20992K, 35% used [0x00000000e5580000,0x00000000e5cd36f8,0x00000000e6a00000)
  from space 3072K, 98% used [0x00000000e6d00000,0x00000000e6ff8020,0x00000000e7000000)
  to   space 3072K, 0% used [0x00000000e6a00000,0x00000000e6a00000,0x00000000e6d00000)
 ParOldGen       total 54784K, used 2595K [0x00000000b0000000, 0x00000000b3580000, 0x00000000e5580000)
  object space 54784K, 4% used [0x00000000b0000000,0x00000000b0288cf8,0x00000000b3580000)
 Metaspace       used 18015K, capacity 19308K, committed 19456K, reserved 1064960K
  class space    used 2699K, capacity 2955K, committed 3072K, reserved 1048576K

Card table byte_map: [0x00000000118f0000,0x0000000011b80000] byte_map_base: 0x0000000011370000

Marking Bits: (ParMarkBitMap*) 0x0000000072964040
 Begin Bits: [0x0000000011f30000, 0x0000000013330000)
 End Bits:   [0x0000000013330000, 0x0000000014730000)

Polling page: 0x00000000021c0000

CodeCache: size=245760Kb used=7047Kb max_used=7047Kb free=238712Kb
 bounds [0x0000000002530000, 0x0000000002c20000, 0x0000000011530000]
 total_blobs=2913 nmethods=2276 adapters=551
 compilation: enabled

Compilation events (10 events):
Event: 24.053 Thread 0x0000000015310000 2271       3       java.nio.ByteBuffer::hasArray (20 bytes)
Event: 24.053 Thread 0x0000000015310000 nmethod 2271 0x0000000002c11390 code [0x0000000002c114e0, 0x0000000002c116d0]
Event: 24.053 Thread 0x0000000015310000 2273       3       java.nio.Buffer::hasRemaining (17 bytes)
Event: 24.053 Thread 0x0000000015310000 nmethod 2273 0x0000000002c11010 code [0x0000000002c11160, 0x0000000002c11310]
Event: 24.053 Thread 0x0000000015310000 2274  s    3       java.io.BufferedOutputStream::flush (12 bytes)
Event: 24.053 Thread 0x0000000015310000 nmethod 2274 0x0000000002c131d0 code [0x0000000002c13360, 0x0000000002c13858]
Event: 24.053 Thread 0x0000000015310000 2275       3       java.io.BufferedOutputStream::flushBuffer (29 bytes)
Event: 24.054 Thread 0x0000000015310000 nmethod 2275 0x0000000002c12d10 code [0x0000000002c12e80, 0x0000000002c13108]
Event: 24.054 Thread 0x0000000015310000 2276       3       java.io.OutputStream::flush (1 bytes)
Event: 24.054 Thread 0x0000000015310000 nmethod 2276 0x0000000002c10cd0 code [0x0000000002c10e20, 0x0000000002c10f70]

GC Heap History (4 events):
Event: 1.221 GC heap before
{Heap before GC invocations=1 (full 0):
 PSYoungGen      total 24064K, used 20992K [0x00000000e5580000, 0x00000000e7000000, 0x0000000100000000)
  eden space 20992K, 100% used [0x00000000e5580000,0x00000000e6a00000,0x00000000e6a00000)
  from space 3072K, 0% used [0x00000000e6d00000,0x00000000e6d00000,0x00000000e7000000)
  to   space 3072K, 0% used [0x00000000e6a00000,0x00000000e6a00000,0x00000000e6d00000)
 ParOldGen       total 54784K, used 0K [0x00000000b0000000, 0x00000000b3580000, 0x00000000e5580000)
  object space 54784K, 0% used [0x00000000b0000000,0x00000000b0000000,0x00000000b3580000)
 Metaspace       used 10832K, capacity 11256K, committed 11264K, reserved 1058816K
  class space    used 1429K, capacity 1535K, committed 1536K, reserved 1048576K
Event: 1.234 GC heap after
Heap after GC invocations=1 (full 0):
 PSYoungGen      total 24064K, used 3056K [0x00000000e5580000, 0x00000000e7000000, 0x0000000100000000)
  eden space 20992K, 0% used [0x00000000e5580000,0x00000000e5580000,0x00000000e6a00000)
  from space 3072K, 99% used [0x00000000e6a00000,0x00000000e6cfc030,0x00000000e6d00000)
  to   space 3072K, 0% used [0x00000000e6d00000,0x00000000e6d00000,0x00000000e7000000)
 ParOldGen       total 54784K, used 316K [0x00000000b0000000, 0x00000000b3580000, 0x00000000e5580000)
  object space 54784K, 0% used [0x00000000b0000000,0x00000000b004f1e0,0x00000000b3580000)
 Metaspace       used 10832K, capacity 11256K, committed 11264K, reserved 1058816K
  class space    used 1429K, capacity 1535K, committed 1536K, reserved 1048576K
}
Event: 2.766 GC heap before
{Heap before GC invocations=2 (full 0):
 PSYoungGen      total 24064K, used 24048K [0x00000000e5580000, 0x00000000e7000000, 0x0000000100000000)
  eden space 20992K, 100% used [0x00000000e5580000,0x00000000e6a00000,0x00000000e6a00000)
  from space 3072K, 99% used [0x00000000e6a00000,0x00000000e6cfc030,0x00000000e6d00000)
  to   space 3072K, 0% used [0x00000000e6d00000,0x00000000e6d00000,0x00000000e7000000)
 ParOldGen       total 54784K, used 316K [0x00000000b0000000, 0x00000000b3580000, 0x00000000e5580000)
  object space 54784K, 0% used [0x00000000b0000000,0x00000000b004f1e0,0x00000000b3580000)
 Metaspace       used 16710K, capacity 17878K, committed 18176K, reserved 1064960K
  class space    used 2520K, capacity 2728K, committed 2816K, reserved 1048576K
Event: 2.789 GC heap after
Heap after GC invocations=2 (full 0):
 PSYoungGen      total 24064K, used 3040K [0x00000000e5580000, 0x00000000e8480000, 0x0000000100000000)
  eden space 20992K, 0% used [0x00000000e5580000,0x00000000e5580000,0x00000000e6a00000)
  from space 3072K, 98% used [0x00000000e6d00000,0x00000000e6ff8020,0x00000000e7000000)
  to   space 3072K, 0% used [0x00000000e6a00000,0x00000000e6a00000,0x00000000e6d00000)
 ParOldGen       total 54784K, used 2595K [0x00000000b0000000, 0x00000000b3580000, 0x00000000e5580000)
  object space 54784K, 4% used [0x00000000b0000000,0x00000000b0288cf8,0x00000000b3580000)
 Metaspace       used 16710K, capacity 17878K, committed 18176K, reserved 1064960K
  class space    used 2520K, capacity 2728K, committed 2816K, reserved 1048576K
}

Deoptimization events (10 events):
Event: 3.756 Thread 0x00000000169e5800 Uncommon trap: reason=class_check action=maybe_recompile pc=0x0000000002aa53a0 method=javafx.beans.property.BooleanPropertyBase.get()Z @ 23
Event: 3.757 Thread 0x00000000169e5800 Uncommon trap: reason=class_check action=maybe_recompile pc=0x0000000002aa53a0 method=javafx.beans.property.BooleanPropertyBase.get()Z @ 23
Event: 3.757 Thread 0x00000000169e5800 Uncommon trap: reason=class_check action=maybe_recompile pc=0x0000000002aa53a0 method=javafx.beans.property.BooleanPropertyBase.get()Z @ 23
Event: 3.762 Thread 0x00000000169e5800 Uncommon trap: reason=class_check action=maybe_recompile pc=0x0000000002aa53a0 method=javafx.beans.property.BooleanPropertyBase.get()Z @ 23
Event: 3.765 Thread 0x00000000169e5800 Uncommon trap: reason=unstable_if action=reinterpret pc=0x00000000029a7640 method=java.util.WeakHashMap.expungeStaleEntries()V @ 9
Event: 3.765 Thread 0x00000000169e5800 Uncommon trap: reason=unstable_if action=reinterpret pc=0x0000000002a8ab4c method=javafx.scene.CssStyleHelper.resolveRef(Ljavafx/css/Styleable;Ljava/lang/String;Lcom/sun/javafx/css/StyleMap;Ljava/util/Set;)Lcom/sun/javafx/css/CascadingStyle; @ 66
Event: 3.806 Thread 0x00000000169e5800 Uncommon trap: reason=class_check action=maybe_recompile pc=0x0000000002ae892c method=javafx.scene.Node.updateLocalToParentTransform()V @ 11
Event: 3.808 Thread 0x00000000169e5800 Uncommon trap: reason=class_check action=maybe_recompile pc=0x0000000002ae892c method=javafx.scene.Node.updateLocalToParentTransform()V @ 11
Event: 3.808 Thread 0x00000000169e5800 Uncommon trap: reason=class_check action=maybe_recompile pc=0x0000000002ae892c method=javafx.scene.Node.updateLocalToParentTransform()V @ 11
Event: 3.809 Thread 0x00000000169e5800 Uncommon trap: reason=class_check action=maybe_recompile pc=0x0000000002ae892c method=javafx.scene.Node.updateLocalToParentTransform()V @ 11

Internal exceptions (10 events):
Event: 1.106 Thread 0x00000000169e5800 Exception <a 'java/lang/ArrayIndexOutOfBoundsException'> (0x00000000e6748638) thrown at [C:\re\workspace\8-2-build-windows-amd64-cygwin\jdk8u45\3457\hotspot\src\share\vm\runtime\sharedRuntime.cpp, line 605]
Event: 1.116 Thread 0x00000000169e5800 Exception <a 'java/lang/ArrayIndexOutOfBoundsException'> (0x00000000e6773d40) thrown at [C:\re\workspace\8-2-build-windows-amd64-cygwin\jdk8u45\3457\hotspot\src\share\vm\runtime\sharedRuntime.cpp, line 605]
Event: 1.306 Thread 0x00000000169e5800 Implicit null exception at 0x0000000002813375 to 0x000000000281354d
Event: 1.495 Thread 0x00000000169e5800 Exception <a 'java/lang/ArrayIndexOutOfBoundsException'> (0x00000000e575de10) thrown at [C:\re\workspace\8-2-build-windows-amd64-cygwin\jdk8u45\3457\hotspot\src\share\vm\runtime\sharedRuntime.cpp, line 605]
Event: 1.509 Thread 0x00000000169e5800 Exception <a 'java/lang/ArrayIndexOutOfBoundsException'> (0x00000000e57acea0) thrown at [C:\re\workspace\8-2-build-windows-amd64-cygwin\jdk8u45\3457\hotspot\src\share\vm\runtime\sharedRuntime.cpp, line 605]
Event: 1.576 Thread 0x00000000169e5800 Exception <a 'java/lang/ArrayIndexOutOfBoundsException'> (0x00000000e59a0070) thrown at [C:\re\workspace\8-2-build-windows-amd64-cygwin\jdk8u45\3457\hotspot\src\share\vm\runtime\sharedRuntime.cpp, line 605]
Event: 3.813 Thread 0x00000000169e5800 Exception <a 'java/lang/NullPointerException'> (0x00000000e5a87d50) thrown at [C:\re\workspace\8-2-build-windows-amd64-cygwin\jdk8u45\3457\hotspot\src\share\vm\interpreter\linkResolver.cpp, line 1178]
Event: 3.813 Thread 0x00000000169e5800 Exception <a 'java/lang/reflect/InvocationTargetException'> (0x00000000e5a88220) thrown at [C:\re\workspace\8-2-build-windows-amd64-cygwin\jdk8u45\3457\hotspot\src\share\vm\runtime\reflection.cpp, line 1080]
Event: 3.813 Thread 0x00000000169e5800 Exception <a 'java/lang/RuntimeException'> (0x00000000e5a88a40) thrown at [C:\re\workspace\8-2-build-windows-amd64-cygwin\jdk8u45\3457\hotspot\src\share\vm\prims\jvm.cpp, line 1386]
Event: 24.051 Thread 0x00000000169e5800 Exception <a 'java/lang/NullPointerException'> (0x00000000e5c628d0) thrown at [C:\re\workspace\8-2-build-windows-amd64-cygwin\jdk8u45\3457\hotspot\src\share\vm\prims\jvm.cpp, line 1386]

Events (10 events):
Event: 24.048 loading class com/sun/javafx/tk/quantum/ViewScene
Event: 24.048 loading class com/sun/javafx/tk/quantum/ViewScene done
Event: 24.048 loading class com/sun/javafx/tk/quantum/WindowStage
Event: 24.048 loading class com/sun/javafx/tk/quantum/WindowStage done
Event: 24.059 loading class java/util/concurrent/CopyOnWriteArrayList$COWIterator
Event: 24.060 loading class java/util/concurrent/CopyOnWriteArrayList$COWIterator done
Event: 24.060 loading class javafx/application/Application
Event: 24.060 loading class javafx/application/Application done
Event: 24.060 loading class javafx/application/Application
Event: 24.060 loading class javafx/application/Application done


Dynamic libraries:
0x00007ff7355b0000 - 0x00007ff7355e7000 	D:\Programme\Java\jdk1.8.0_45\jre\bin\java.exe
0x00007ffac0fa0000 - 0x00007ffac114c000 	C:\WINDOWS\SYSTEM32\ntdll.dll
0x00007ffac00c0000 - 0x00007ffac01fe000 	C:\WINDOWS\system32\KERNEL32.DLL
0x00007ffabe400000 - 0x00007ffabe515000 	C:\WINDOWS\system32\KERNELBASE.dll
0x00007ffabcc90000 - 0x00007ffabcd1e000 	C:\WINDOWS\system32\apphelp.dll
0x00007ffab3250000 - 0x00007ffab32a3000 	C:\WINDOWS\AppPatch\AppPatch64\AcGenral.DLL
0x00007ffabfbc0000 - 0x00007ffabfc6a000 	C:\WINDOWS\system32\msvcrt.dll
0x00007ffabdec0000 - 0x00007ffabdeee000 	C:\WINDOWS\SYSTEM32\SspiCli.dll
0x00007ffac0200000 - 0x00007ffac0254000 	C:\WINDOWS\system32\SHLWAPI.dll
0x00007ffabfc70000 - 0x00007ffabfde7000 	C:\WINDOWS\system32\USER32.dll
0x00007ffac0260000 - 0x00007ffac03f4000 	C:\WINDOWS\system32\ole32.dll
0x00007ffabe620000 - 0x00007ffabfb38000 	C:\WINDOWS\system32\SHELL32.dll
0x00007ffabd690000 - 0x00007ffabd6b1000 	C:\WINDOWS\SYSTEM32\USERENV.dll
0x00007ffac04c0000 - 0x00007ffac056a000 	C:\WINDOWS\system32\ADVAPI32.dll
0x00007ffab5a20000 - 0x00007ffab5a3e000 	C:\WINDOWS\SYSTEM32\MPR.dll
0x00007ffac0ca0000 - 0x00007ffac0de1000 	C:\WINDOWS\system32\RPCRT4.dll
0x00007ffac0460000 - 0x00007ffac04b9000 	C:\WINDOWS\SYSTEM32\sechost.dll
0x00007ffac0570000 - 0x00007ffac0781000 	C:\WINDOWS\SYSTEM32\combase.dll
0x00007ffabfdf0000 - 0x00007ffabff41000 	C:\WINDOWS\system32\GDI32.dll
0x00007ffabe0f0000 - 0x00007ffabe105000 	C:\WINDOWS\SYSTEM32\profapi.dll
0x00007ffabc660000 - 0x00007ffabc712000 	C:\WINDOWS\SYSTEM32\SHCORE.dll
0x00007ffabfb80000 - 0x00007ffabfbb6000 	C:\WINDOWS\system32\IMM32.DLL
0x00007ffabff60000 - 0x00007ffac00b2000 	C:\WINDOWS\system32\MSCTF.dll
0x00007ffababd0000 - 0x00007ffabae4b000 	C:\WINDOWS\WinSxS\amd64_microsoft.windows.common-controls_6595b64144ccf1df_6.0.9600.17415_none_6240486fecbd8abb\COMCTL32.dll
0x0000000072080000 - 0x0000000072152000 	D:\Programme\Java\jdk1.8.0_45\jre\bin\msvcr100.dll
0x0000000072160000 - 0x00000000729e3000 	D:\Programme\Java\jdk1.8.0_45\jre\bin\server\jvm.dll
0x00007ffaa99d0000 - 0x00007ffaa99d9000 	C:\WINDOWS\SYSTEM32\WSOCK32.dll
0x00007ffab9530000 - 0x00007ffab9552000 	C:\WINDOWS\SYSTEM32\WINMM.dll
0x00007ffaba960000 - 0x00007ffaba96a000 	C:\WINDOWS\SYSTEM32\VERSION.dll
0x00007ffabff50000 - 0x00007ffabff57000 	C:\WINDOWS\system32\PSAPI.DLL
0x00007ffac0400000 - 0x00007ffac045a000 	C:\WINDOWS\system32\WS2_32.dll
0x00007ffab93a0000 - 0x00007ffab93ca000 	C:\WINDOWS\SYSTEM32\WINMMBASE.dll
0x00007ffabfb70000 - 0x00007ffabfb79000 	C:\WINDOWS\system32\NSI.dll
0x00007ffabe5d0000 - 0x00007ffabe61f000 	C:\WINDOWS\SYSTEM32\cfgmgr32.dll
0x00007ffabcf00000 - 0x00007ffabcf28000 	C:\WINDOWS\SYSTEM32\DEVOBJ.dll
0x0000000072030000 - 0x000000007203f000 	D:\Programme\Java\jdk1.8.0_45\jre\bin\verify.dll
0x0000000072000000 - 0x0000000072029000 	D:\Programme\Java\jdk1.8.0_45\jre\bin\java.dll
0x0000000071fe0000 - 0x0000000071ff6000 	D:\Programme\Java\jdk1.8.0_45\jre\bin\zip.dll
0x000000006fe80000 - 0x000000006feac000 	D:\Programme\Java\jdk1.8.0_45\jre\bin\prism_d3d.dll
0x00007ffaabd10000 - 0x00007ffaabf31000 	C:\WINDOWS\system32\d3d9.dll
0x00007ffabc050000 - 0x00007ffabc071000 	C:\WINDOWS\SYSTEM32\dwmapi.dll
0x00007ffabcd60000 - 0x00007ffabce89000 	C:\WINDOWS\system32\uxtheme.dll
0x00007ffaa5e50000 - 0x00007ffaa6f37000 	C:\WINDOWS\SYSTEM32\nvd3dumx.dll
0x000000006fe30000 - 0x000000006fe71000 	D:\Programme\Java\jdk1.8.0_45\jre\bin\glass.dll
0x00007ffac08c0000 - 0x00007ffac0976000 	C:\WINDOWS\system32\COMDLG32.dll
0x00007ffac0b60000 - 0x00007ffac0c21000 	C:\WINDOWS\system32\OLEAUT32.dll
0x00007ffabd0e0000 - 0x00007ffabd0eb000 	C:\WINDOWS\SYSTEM32\kernel.appcore.dll
0x00007ffabdf60000 - 0x00007ffabdf6b000 	C:\WINDOWS\SYSTEM32\CRYPTBASE.dll
0x00007ffabdef0000 - 0x00007ffabdf53000 	C:\WINDOWS\SYSTEM32\bcryptPrimitives.dll
0x00007ffabe090000 - 0x00007ffabe0d6000 	C:\WINDOWS\system32\powrprof.dll
0x00007ffaba970000 - 0x00007ffabaad8000 	C:\Program Files (x86)\NVIDIA Corporation\3D Vision\nvSCPAPI64.dll
0x00007ffac0980000 - 0x00007ffac0b5a000 	C:\WINDOWS\system32\SETUPAPI.dll
0x000000006fe10000 - 0x000000006fe25000 	D:\Programme\Java\jdk1.8.0_45\jre\bin\javafx_font.dll
0x00007ffaba190000 - 0x00007ffaba37e000 	C:\WINDOWS\SYSTEM32\dwrite.dll
0x00007ffac0790000 - 0x00007ffac0846000 	C:\WINDOWS\SYSTEM32\clbcatq.dll
0x00007ffabc4b0000 - 0x00007ffabc65e000 	C:\WINDOWS\SYSTEM32\WindowsCodecs.dll
0x00007ffabd960000 - 0x00007ffabd980000 	C:\WINDOWS\SYSTEM32\CRYPTSP.dll
0x00007ffabd580000 - 0x00007ffabd5b6000 	C:\WINDOWS\system32\rsaenh.dll
0x00007ffabdbd0000 - 0x00007ffabdbf6000 	C:\WINDOWS\SYSTEM32\bcrypt.dll
0x00007ffab3200000 - 0x00007ffab322e000 	C:\Program Files\Common Files\Microsoft Shared\Ink\rtscom.dll
0x000000006fdf0000 - 0x000000006fe01000 	D:\Programme\Java\jdk1.8.0_45\jre\bin\prism_common.dll
0x00007ffaa93c0000 - 0x00007ffaa954a000 	C:\WINDOWS\SYSTEM32\dbghelp.dll

VM Arguments:
jvm_args: -Dfile.encoding=UTF-8 
java_command: C:\Users\sqrt\Documents\workspace\RelDB\RELDB_01\dist\run369621361\RELDB_01.jar
java_class_path (initial): C:\Users\sqrt\Documents\workspace\RelDB\RELDB_01\dist\run369621361\RELDB_01.jar
Launcher Type: SUN_STANDARD

Environment Variables:
PATH=C:\ProgramData\Oracle\Java\javapath;C:\WINDOWS\system32;C:\WINDOWS;C:\WINDOWS\System32\Wbem;C:\WINDOWS\System32\WindowsPowerShell\v1.0\
USERNAME=sqrt
OS=Windows_NT
PROCESSOR_IDENTIFIER=AMD64 Family 15 Model 67 Stepping 3, AuthenticAMD



---------------  S Y S T E M  ---------------

OS: Windows 8.1 , 64 bit Build 9600 (6.3.9600.17415)

CPU:total 2 (2 cores per cpu, 1 threads per core) family 15 model 67 stepping 3, cmov, cx8, fxsr, mmx, sse, sse2, sse3, mmxext, 3dnowpref, tsc

Memory: 4k page, physical 5241396k(2784108k free), swap 6093364k(2776736k free)

vm_info: Java HotSpot(TM) 64-Bit Server VM (25.45-b02) for windows-amd64 JRE (1.8.0_45-b14), built on Apr 10 2015 10:34:15 by "java_re" with MS VC++ 10.0 (VS2010)

time: Thu May 21 11:16:32 2015
elapsed time: 24 seconds (0d 0h 0m 24s)

